00000000000i[      ] Bochs x86 Emulator 2.6.11
00000000000i[      ]   Built from SVN snapshot on January 5, 2020
00000000000i[      ]   Timestamp: Sun Jan  5 08:36:00 CET 2020
00000000000i[      ] System configuration
00000000000i[      ]   processors: 1 (cores=1, HT threads=1)
00000000000i[      ]   A20 line support: yes
00000000000i[      ]   load configurable MSRs from file "msrs.def"
00000000000i[      ] IPS is set to 50000000
00000000000i[      ] CPU configuration
00000000000i[      ]   SMP support: no
00000000000i[      ]   Using pre-defined CPU configuration: core_duo_t2400_yonah
00000000000i[      ] Optimization configuration
00000000000i[      ]   RepeatSpeedups support: no
00000000000i[      ]   Fast function calls: no
00000000000i[      ]   Handlers Chaining speedups: no
00000000000i[      ] Devices configuration
00000000000i[      ]   PCI support: i440FX i430FX i440BX
00000000000i[      ]   Networking: no
00000000000i[      ]   Sound support: no
00000000000i[      ]   USB support: no
00000000000i[      ]   VGA extension support: vbe
00000000000i[MEM0  ] allocated memory at 0x7f87c091c010. after alignment, vector=0x7f87c091d000
00000000000i[MEM0  ] 32.00MB
00000000000i[MEM0  ] mem block size = 0x00020000, blocks=256
00000000000p[MEM0  ] >>PANIC<< ROM: couldn't open ROM image file '/home/gstalker/Desktop/bochs/share/bochs/BIOS-bochs-latest'.
00000000000i[CPU0  ] CPU is in real mode (active)
00000000000i[CPU0  ] CS.mode = 16 bit
00000000000i[CPU0  ] SS.mode = 16 bit
00000000000i[CPU0  ] EFER   = 0x00000000
00000000000i[CPU0  ] | EAX=00000000  EBX=00000000  ECX=00000000  EDX=00000000
00000000000i[CPU0  ] | ESP=00000000  EBP=00000000  ESI=00000000  EDI=00000000
00000000000i[CPU0  ] | IOPL=0 id vip vif ac vm rf nt of df if tf sf ZF af PF cf
00000000000i[CPU0  ] | SEG sltr(index|ti|rpl)     base    limit G D
00000000000i[CPU0  ] |  CS:0000( 0000| 0|  0) 00000000 00000000 0 0
00000000000i[CPU0  ] |  DS:0000( 0000| 0|  0) 00000000 00000000 0 0
00000000000i[CPU0  ] |  SS:0000( 0000| 0|  0) 00000000 00000000 0 0
00000000000i[CPU0  ] |  ES:0000( 0000| 0|  0) 00000000 00000000 0 0
00000000000i[CPU0  ] |  FS:0000( 0000| 0|  0) 00000000 00000000 0 0
00000000000i[CPU0  ] |  GS:0000( 0000| 0|  0) 00000000 00000000 0 0
00000000000i[CPU0  ] | EIP=00000000 (00000000)
00000000000i[CPU0  ] | CR0=0x00000000 CR2=0x00000000
00000000000i[CPU0  ] | CR3=0x00000000 CR4=0x00000000
00000000000i[SIM   ] quit_sim called with exit code 1
